0 info it worked if it ends with ok
1 verbose cli [ '/Users/ryanboone/.nvm/versions/node/v7.3.0/bin/node',
1 verbose cli   '/Users/ryanboone/.nvm/versions/node/v7.3.0/bin/npm',
1 verbose cli   'run',
1 verbose cli   'sass:watch' ]
2 info using npm@3.10.10
3 info using node@v7.3.0
4 verbose run-script [ 'presass:watch', 'sass:watch', 'postsass:watch' ]
5 info lifecycle falldowngoboone.github.io@1.0.0~presass:watch: falldowngoboone.github.io@1.0.0
6 silly lifecycle falldowngoboone.github.io@1.0.0~presass:watch: no script for presass:watch, continuing
7 info lifecycle falldowngoboone.github.io@1.0.0~sass:watch: falldowngoboone.github.io@1.0.0
8 verbose lifecycle falldowngoboone.github.io@1.0.0~sass:watch: unsafe-perm in lifecycle true
9 verbose lifecycle falldowngoboone.github.io@1.0.0~sass:watch: PATH: /Users/ryanboone/.nvm/versions/node/v7.3.0/lib/node_modules/npm/bin/node-gyp-bin:/Users/ryanboone/Desktop/falldowngoboone.github.io/node_modules/.bin:/Users/ryanboone/.nvm/versions/node/v7.3.0/bin:/Users/ryanboone/bin:/usr/local/bin:/usr/bin:/bin:/usr/sbin:/sbin
10 verbose lifecycle falldowngoboone.github.io@1.0.0~sass:watch: CWD: /Users/ryanboone/Desktop/falldowngoboone.github.io
11 silly lifecycle falldowngoboone.github.io@1.0.0~sass:watch: Args: [ '-c',
11 silly lifecycle   'node-sass -w --output-style compressed --source-map css/ -o css/' ]
12 silly lifecycle falldowngoboone.github.io@1.0.0~sass:watch: Returned: code: 1  signal: null
13 info lifecycle falldowngoboone.github.io@1.0.0~sass:watch: Failed to exec sass:watch script
14 verbose stack Error: falldowngoboone.github.io@1.0.0 sass:watch: `node-sass -w --output-style compressed --source-map css/ -o css/`
14 verbose stack Exit status 1
14 verbose stack     at EventEmitter.<anonymous> (/Users/ryanboone/.nvm/versions/node/v7.3.0/lib/node_modules/npm/lib/utils/lifecycle.js:255:16)
14 verbose stack     at emitTwo (events.js:106:13)
14 verbose stack     at EventEmitter.emit (events.js:191:7)
14 verbose stack     at ChildProcess.<anonymous> (/Users/ryanboone/.nvm/versions/node/v7.3.0/lib/node_modules/npm/lib/utils/spawn.js:40:14)
14 verbose stack     at emitTwo (events.js:106:13)
14 verbose stack     at ChildProcess.emit (events.js:191:7)
14 verbose stack     at maybeClose (internal/child_process.js:885:16)
14 verbose stack     at Process.ChildProcess._handle.onexit (internal/child_process.js:226:5)
15 verbose pkgid falldowngoboone.github.io@1.0.0
16 verbose cwd /Users/ryanboone/Desktop/falldowngoboone.github.io
17 error Darwin 16.4.0
18 error argv "/Users/ryanboone/.nvm/versions/node/v7.3.0/bin/node" "/Users/ryanboone/.nvm/versions/node/v7.3.0/bin/npm" "run" "sass:watch"
19 error node v7.3.0
20 error npm  v3.10.10
21 error code ELIFECYCLE
22 error falldowngoboone.github.io@1.0.0 sass:watch: `node-sass -w --output-style compressed --source-map css/ -o css/`
22 error Exit status 1
23 error Failed at the falldowngoboone.github.io@1.0.0 sass:watch script 'node-sass -w --output-style compressed --source-map css/ -o css/'.
23 error Make sure you have the latest version of node.js and npm installed.
23 error If you do, this is most likely a problem with the falldowngoboone.github.io package,
23 error not with npm itself.
23 error Tell the author that this fails on your system:
23 error     node-sass -w --output-style compressed --source-map css/ -o css/
23 error You can get information on how to open an issue for this project with:
23 error     npm bugs falldowngoboone.github.io
23 error Or if that isn't available, you can get their info via:
23 error     npm owner ls falldowngoboone.github.io
23 error There is likely additional logging output above.
24 verbose exit [ 1, true ]
